<?xml version="1.0" encoding="UTF-8"?>
<!-- Generated by org.testng.reporters.JUnitReportReporter -->
<testsuite hostname="DESKTOP-F1LMPTP" failures="0" tests="8" name="tests.SignInTests" time="70.770" errors="0" timestamp="2021-06-13T01:53:37 CEST" skipped="0">
  <testcase classname="tests.SignInTests" name="signInValidCredentials" time="7.727"/>
  <system-out/>
  <testcase classname="tests.SignInTests" name="signInValidEmailInvalidPass" time="7.397"/>
  <system-out/>
  <testcase classname="tests.SignInTests" name="signInInvalidEmailValidPass" time="13.706"/>
  <system-out/>
  <testcase classname="tests.SignInTests" name="signInEmptyEmailValidPass" time="7.764"/>
  <system-out/>
  <testcase classname="tests.SignInTests" name="signInValidEmailEmptyPass" time="7.101"/>
  <system-out/>
  <testcase classname="tests.SignInTests" name="signInInvalidEmailInvalidPass" time="7.096"/>
  <system-out/>
  <testcase classname="tests.SignInTests" name="signInEmptyEmailEmptyPass" time="8.132"/>
  <system-out/>
  <testcase classname="tests.SignInTests" name="signOut" time="11.847"/>
  <system-out/>
</testsuite> <!-- tests.SignInTests -->
