<?xml version="1.0" encoding="UTF-8"?>
<!-- Generated by org.testng.reporters.JUnitReportReporter -->
<testsuite hostname="DESKTOP-F1LMPTP" failures="0" tests="6" name="tests.SignInTests" time="60.907" errors="0" timestamp="2021-06-11T03:03:12 CEST" skipped="0">
  <testcase classname="tests.SignInTests" name="signInValidCredentials" time="14.823"/>
  <system-out/>
  <testcase classname="tests.SignInTests" name="signInValidEmailInvalidPass" time="9.449"/>
  <system-out/>
  <testcase classname="tests.SignInTests" name="signInInvalidEmailValidPass" time="6.075"/>
  <system-out/>
  <testcase classname="tests.SignInTests" name="signInEmptyEmailValidPass" time="8.992"/>
  <system-out/>
  <testcase classname="tests.SignInTests" name="signInValidEmailEmptyPass" time="7.498"/>
  <system-out/>
  <testcase classname="tests.SignInTests" name="signOut" time="14.070"/>
  <system-out/>
</testsuite> <!-- tests.SignInTests -->
