<?xml version="1.0" encoding="UTF-8"?>
<!-- Generated by org.testng.reporters.JUnitReportReporter -->
<testsuite hostname="DESKTOP-F1LMPTP" failures="0" tests="1" name="tests.Proba" time="26.847" errors="0" timestamp="2021-06-09T01:53:43 CEST" skipped="0">
  <testcase classname="tests.Proba" name="test" time="26.847"/>
  <system-out/>
</testsuite> <!-- tests.Proba -->
