<?xml version="1.0" encoding="UTF-8"?>
<!-- Generated by org.testng.reporters.JUnitReportReporter -->
<testsuite hostname="DESKTOP-F1LMPTP" failures="0" tests="1" name="tests.Proba" time="51.730" errors="0" timestamp="2021-06-08T21:24:21 CEST" skipped="0">
  <testcase classname="tests.Proba" name="test" time="51.730"/>
  <system-out/>
</testsuite> <!-- tests.Proba -->
