<?xml version="1.0" encoding="UTF-8"?>
<!-- Generated by org.testng.reporters.JUnitReportReporter -->
<testsuite hostname="DESKTOP-F1LMPTP" failures="0" tests="2" name="tests.MyPersonalInfoTests" time="65.236" errors="0" timestamp="2021-06-14T18:55:52 CEST" skipped="0">
  <testcase classname="tests.MyPersonalInfoTests" name="radioButtonChecked" time="34.791"/>
  <system-out/>
  <testcase classname="tests.MyPersonalInfoTests" name="emptyFirstName" time="30.445"/>
  <system-out/>
</testsuite> <!-- tests.MyPersonalInfoTests -->
